<?xml version="1.0" encoding="UTF-8"?>
<!-- Generated by org.testng.reporters.JUnitReportReporter -->
<testsuite hostname="VDX4696" failures="0" tests="4" name="Newpackage.CeloAuto" time="27.385" errors="0" timestamp="2020-10-25T19:46:32 NZDT" skipped="0">
  <testcase classname="Newpackage.CeloAuto" name="loginApplication" time="8.525"/>
  <system-out/>
  <testcase classname="Newpackage.CeloAuto" name="setupPin" time="3.922"/>
  <system-out/>
  <testcase classname="Newpackage.CeloAuto" name="sendMessage_ExistingConversation" time="12.627"/>
  <system-out/>
  <testcase classname="Newpackage.CeloAuto" name="Logout" time="2.311"/>
  <system-out/>
</testsuite> <!-- Newpackage.CeloAuto -->
